{"C:\\Users\\KIIT\\api-server\\index.js": {"path":"C:\\Users\\KIIT\\api-server\\index.js","statementMap":{"0":{"start":{"line":1,"column":16},"end":{"line":1,"column":34}},"1":{"start":{"line":2,"column":14},"end":{"line":2,"column":31}},"2":{"start":{"line":3,"column":13},"end":{"line":3,"column":28}},"3":{"start":{"line":4,"column":16},"end":{"line":4,"column":42}},"4":{"start":{"line":5,"column":14},"end":{"line":5,"column":38}},"5":{"start":{"line":6,"column":23},"end":{"line":6,"column":49}},"6":{"start":{"line":7,"column":0},"end":{"line":7,"column":27}},"7":{"start":{"line":9,"column":12},"end":{"line":9,"column":21}},"8":{"start":{"line":12,"column":0},"end":{"line":12,"column":48}},"9":{"start":{"line":13,"column":0},"end":{"line":13,"column":35}},"10":{"start":{"line":14,"column":0},"end":{"line":14,"column":56}},"11":{"start":{"line":17,"column":0},"end":{"line":21,"column":4}},"12":{"start":{"line":22,"column":0},"end":{"line":22,"column":17}},"13":{"start":{"line":25,"column":0},"end":{"line":29,"column":3}},"14":{"start":{"line":26,"column":2},"end":{"line":26,"column":44}},"15":{"start":{"line":27,"column":2},"end":{"line":27,"column":40}},"16":{"start":{"line":28,"column":2},"end":{"line":28,"column":9}},"17":{"start":{"line":32,"column":0},"end":{"line":32,"column":30}},"18":{"start":{"line":33,"column":0},"end":{"line":33,"column":48}},"19":{"start":{"line":36,"column":11},"end":{"line":42,"column":2}},"20":{"start":{"line":44,"column":0},"end":{"line":50,"column":3}},"21":{"start":{"line":45,"column":2},"end":{"line":49,"column":3}},"22":{"start":{"line":46,"column":4},"end":{"line":46,"column":52}},"23":{"start":{"line":48,"column":4},"end":{"line":48,"column":40}},"24":{"start":{"line":53,"column":0},"end":{"line":61,"column":3}},"25":{"start":{"line":54,"column":2},"end":{"line":60,"column":5}},"26":{"start":{"line":55,"column":4},"end":{"line":58,"column":5}},"27":{"start":{"line":56,"column":6},"end":{"line":56,"column":49}},"28":{"start":{"line":57,"column":6},"end":{"line":57,"column":48}},"29":{"start":{"line":59,"column":4},"end":{"line":59,"column":44}},"30":{"start":{"line":64,"column":0},"end":{"line":74,"column":3}},"31":{"start":{"line":65,"column":26},"end":{"line":65,"column":34}},"32":{"start":{"line":66,"column":2},"end":{"line":73,"column":5}},"33":{"start":{"line":67,"column":4},"end":{"line":71,"column":5}},"34":{"start":{"line":68,"column":6},"end":{"line":68,"column":46}},"35":{"start":{"line":70,"column":6},"end":{"line":70,"column":54}},"36":{"start":{"line":72,"column":4},"end":{"line":72,"column":22}},"37":{"start":{"line":77,"column":0},"end":{"line":86,"column":3}},"38":{"start":{"line":78,"column":2},"end":{"line":85,"column":5}},"39":{"start":{"line":79,"column":4},"end":{"line":83,"column":5}},"40":{"start":{"line":80,"column":6},"end":{"line":80,"column":48}},"41":{"start":{"line":82,"column":6},"end":{"line":82,"column":56}},"42":{"start":{"line":84,"column":4},"end":{"line":84,"column":22}},"43":{"start":{"line":89,"column":0},"end":{"line":99,"column":3}},"44":{"start":{"line":90,"column":26},"end":{"line":90,"column":34}},"45":{"start":{"line":91,"column":2},"end":{"line":98,"column":5}},"46":{"start":{"line":92,"column":4},"end":{"line":96,"column":5}},"47":{"start":{"line":93,"column":6},"end":{"line":93,"column":48}},"48":{"start":{"line":95,"column":6},"end":{"line":95,"column":56}},"49":{"start":{"line":97,"column":4},"end":{"line":97,"column":22}},"50":{"start":{"line":102,"column":0},"end":{"line":106,"column":1}},"51":{"start":{"line":103,"column":2},"end":{"line":105,"column":5}},"52":{"start":{"line":104,"column":4},"end":{"line":104,"column":62}},"53":{"start":{"line":109,"column":0},"end":{"line":109,"column":21}}},"fnMap":{"0":{"name":"(anonymous_0)","decl":{"start":{"line":25,"column":8},"end":{"line":25,"column":9}},"loc":{"start":{"line":25,"column":28},"end":{"line":29,"column":1}},"line":25},"1":{"name":"(anonymous_1)","decl":{"start":{"line":44,"column":11},"end":{"line":44,"column":12}},"loc":{"start":{"line":44,"column":20},"end":{"line":50,"column":1}},"line":44},"2":{"name":"(anonymous_2)","decl":{"start":{"line":53,"column":13},"end":{"line":53,"column":14}},"loc":{"start":{"line":53,"column":27},"end":{"line":61,"column":1}},"line":53},"3":{"name":"(anonymous_3)","decl":{"start":{"line":54,"column":34},"end":{"line":54,"column":35}},"loc":{"start":{"line":54,"column":52},"end":{"line":60,"column":3}},"line":54},"4":{"name":"(anonymous_4)","decl":{"start":{"line":64,"column":19},"end":{"line":64,"column":20}},"loc":{"start":{"line":64,"column":33},"end":{"line":74,"column":1}},"line":64},"5":{"name":"(anonymous_5)","decl":{"start":{"line":66,"column":75},"end":{"line":66,"column":76}},"loc":{"start":{"line":66,"column":84},"end":{"line":73,"column":3}},"line":66},"6":{"name":"(anonymous_6)","decl":{"start":{"line":77,"column":25},"end":{"line":77,"column":26}},"loc":{"start":{"line":77,"column":39},"end":{"line":86,"column":1}},"line":77},"7":{"name":"(anonymous_7)","decl":{"start":{"line":78,"column":62},"end":{"line":78,"column":63}},"loc":{"start":{"line":78,"column":71},"end":{"line":85,"column":3}},"line":78},"8":{"name":"(anonymous_8)","decl":{"start":{"line":89,"column":22},"end":{"line":89,"column":23}},"loc":{"start":{"line":89,"column":36},"end":{"line":99,"column":1}},"line":89},"9":{"name":"(anonymous_9)","decl":{"start":{"line":91,"column":94},"end":{"line":91,"column":95}},"loc":{"start":{"line":91,"column":103},"end":{"line":98,"column":3}},"line":91},"10":{"name":"(anonymous_10)","decl":{"start":{"line":103,"column":19},"end":{"line":103,"column":20}},"loc":{"start":{"line":103,"column":25},"end":{"line":105,"column":3}},"line":103}},"branchMap":{"0":{"loc":{"start":{"line":45,"column":2},"end":{"line":49,"column":3}},"type":"if","locations":[{"start":{"line":45,"column":2},"end":{"line":49,"column":3}},{"start":{"line":47,"column":9},"end":{"line":49,"column":3}}],"line":45},"1":{"loc":{"start":{"line":55,"column":4},"end":{"line":58,"column":5}},"type":"if","locations":[{"start":{"line":55,"column":4},"end":{"line":58,"column":5}},{"start":{},"end":{}}],"line":55},"2":{"loc":{"start":{"line":67,"column":4},"end":{"line":71,"column":5}},"type":"if","locations":[{"start":{"line":67,"column":4},"end":{"line":71,"column":5}},{"start":{"line":69,"column":11},"end":{"line":71,"column":5}}],"line":67},"3":{"loc":{"start":{"line":79,"column":4},"end":{"line":83,"column":5}},"type":"if","locations":[{"start":{"line":79,"column":4},"end":{"line":83,"column":5}},{"start":{"line":81,"column":11},"end":{"line":83,"column":5}}],"line":79},"4":{"loc":{"start":{"line":92,"column":4},"end":{"line":96,"column":5}},"type":"if","locations":[{"start":{"line":92,"column":4},"end":{"line":96,"column":5}},{"start":{"line":94,"column":11},"end":{"line":96,"column":5}}],"line":92},"5":{"loc":{"start":{"line":102,"column":0},"end":{"line":106,"column":1}},"type":"if","locations":[{"start":{"line":102,"column":0},"end":{"line":106,"column":1}},{"start":{},"end":{}}],"line":102}},"s":{"0":1,"1":1,"2":1,"3":1,"4":1,"5":1,"6":1,"7":1,"8":1,"9":1,"10":1,"11":1,"12":1,"13":1,"14":2,"15":2,"16":2,"17":1,"18":1,"19":1,"20":1,"21":1,"22":0,"23":1,"24":1,"25":1,"26":1,"27":0,"28":0,"29":1,"30":1,"31":1,"32":1,"33":1,"34":1,"35":0,"36":1,"37":1,"38":0,"39":0,"40":0,"41":0,"42":0,"43":1,"44":0,"45":0,"46":0,"47":0,"48":0,"49":0,"50":1,"51":0,"52":0,"53":1},"f":{"0":2,"1":1,"2":1,"3":1,"4":1,"5":1,"6":0,"7":0,"8":0,"9":0,"10":0},"b":{"0":[0,1],"1":[0,1],"2":[1,0],"3":[0,0],"4":[0,0],"5":[0,1]},"_coverageSchema":"1a1c01bbd47fc00a2c39e90264f33305004495a9","hash":"d15413180396260ffad614ce5dfcd861323c49c4"}
}
