TN:
SF:index.js
FN:25,(anonymous_0)
FN:44,(anonymous_1)
FN:53,(anonymous_2)
FN:54,(anonymous_3)
FN:64,(anonymous_4)
FN:66,(anonymous_5)
FN:77,(anonymous_6)
FN:78,(anonymous_7)
FN:89,(anonymous_8)
FN:91,(anonymous_9)
FN:103,(anonymous_10)
FNF:11
FNH:6
FNDA:2,(anonymous_0)
FNDA:1,(anonymous_1)
FNDA:1,(anonymous_2)
FNDA:1,(anonymous_3)
FNDA:1,(anonymous_4)
FNDA:1,(anonymous_5)
FNDA:0,(anonymous_6)
FNDA:0,(anonymous_7)
FNDA:0,(anonymous_8)
FNDA:0,(anonymous_9)
FNDA:0,(anonymous_10)
DA:1,1
DA:2,1
DA:3,1
DA:4,1
DA:5,1
DA:6,1
DA:7,1
DA:9,1
DA:12,1
DA:13,1
DA:14,1
DA:17,1
DA:22,1
DA:25,1
DA:26,2
DA:27,2
DA:28,2
DA:32,1
DA:33,1
DA:36,1
DA:44,1
DA:45,1
DA:46,0
DA:48,1
DA:53,1
DA:54,1
DA:55,1
DA:56,0
DA:57,0
DA:59,1
DA:64,1
DA:65,1
DA:66,1
DA:67,1
DA:68,1
DA:70,0
DA:72,1
DA:77,1
DA:78,0
DA:79,0
DA:80,0
DA:82,0
DA:84,0
DA:89,1
DA:90,0
DA:91,0
DA:92,0
DA:93,0
DA:95,0
DA:97,0
DA:102,1
DA:103,0
DA:104,0
DA:109,1
LF:54
LH:37
BRDA:45,0,0,0
BRDA:45,0,1,1
BRDA:55,1,0,0
BRDA:55,1,1,1
BRDA:67,2,0,1
BRDA:67,2,1,0
BRDA:79,3,0,0
BRDA:79,3,1,0
BRDA:92,4,0,0
BRDA:92,4,1,0
BRDA:102,5,0,0
BRDA:102,5,1,1
BRF:12
BRH:4
end_of_record
